<?xml version="1.0" encoding="UTF-8"?>
<!-- Generated by org.testng.reporters.JUnitXMLReporter -->
<testsuite ignored="0" hostname="MYPC" failures="1" tests="4" name="Test" time="74.463" errors="0" timestamp="2022-11-05T23:42:15 IST">
  <testcase classname="com.sauceDemo.TestPackage.tc01_loginbutton_Functionality" name="Verifylogin" time="0.038"/>
  <testcase classname="com.sauceDemo.TestPackage.tc02Homepagefunctionality" name="Homepage" time="0.429"/>
  <testcase classname="com.sauceDemo.TestPackage.tc03AddToCart" name="AddToCartMethod" time="0.714"/>
  <testcase classname="com.sauceDemo.TestPackage.tc04_dropdownbutton" name="DropDown" time="0.331">
    <failure type="java.lang.AssertionError" message="expected [true] but found [true]">
      <![CDATA[java.lang.AssertionError: expected [true] but found [true]
at com.sauceDemo.POMPackage.HomepagePomclass.dropdownbutton(HomepagePomclass.java:72)
at com.sauceDemo.TestPackage.tc04_dropdownbutton.DropDown(tc04_dropdownbutton.java:21)
at java.base/java.util.ArrayList.forEach(ArrayList.java:1511)
... Removed 32 stack frames]]>
    </failure>
  </testcase> <!-- DropDown -->
</testsuite> <!-- Test -->
